Using pre-set license
Built from '2020.3/staging' branch; Version is '2020.3.19f1 (68f137dc9bbe) revision 6877495'; Using compiler version '192528614'; Build Type 'Release'
OS: 'Windows 10 Pro; OS build 19043.1237; Version 2009; 64bit' Language: 'es' Physical Memory: 16342 MB
BatchMode: 1, IsHumanControllingUs: 0, StartBugReporterOnCrash: 0, Is64bit: 1, IsPro: 0

COMMAND LINE ARGUMENTS:
C:\Program Files\Unity\Hub\Editor\2020.3.19f1\Editor\Unity.exe
-adb2
-batchMode
-noUpm
-name
AssetImportWorker0
-projectPath
D:/Francesc Aguera/Francesc-Aguera-Tema-1/Tema 2
-logFile
Logs/AssetImportWorker0.log
-srvPort
54695
Successfully changed project path to: D:/Francesc Aguera/Francesc-Aguera-Tema-1/Tema 2
D:/Francesc Aguera/Francesc-Aguera-Tema-1/Tema 2
Using Asset Import Pipeline V2.
Refreshing native plugins compatible for Editor in 31.31 ms, found 2 plugins.
Preloading 0 native plugins for Editor in 0.00 ms.
Initialize engine version: 2020.3.19f1 (68f137dc9bbe)
[Subsystems] Discovering subsystems at path C:/Program Files/Unity/Hub/Editor/2020.3.19f1/Editor/Data/Resources/UnitySubsystems
[Subsystems] Discovering subsystems at path D:/Francesc Aguera/Francesc-Aguera-Tema-1/Tema 2/Assets
GfxDevice: creating device client; threaded=0
Direct3D:
    Version:  Direct3D 11.0 [level 11.1]
    Renderer: NVIDIA GeForce GTX 1050 Ti (ID=0x1c82)
    Vendor:   
    VRAM:     4018 MB
    Driver:   27.21.14.5671
Initialize mono
Mono path[0] = 'C:/Program Files/Unity/Hub/Editor/2020.3.19f1/Editor/Data/Managed'
Mono path[1] = 'C:/Program Files/Unity/Hub/Editor/2020.3.19f1/Editor/Data/MonoBleedingEdge/lib/mono/unityjit'
Mono config path = 'C:/Program Files/Unity/Hub/Editor/2020.3.19f1/Editor/Data/MonoBleedingEdge/etc'
Using monoOptions --debugger-agent=transport=dt_socket,embedding=1,server=y,suspend=n,address=127.0.0.1:56708
Begin MonoManager ReloadAssembly
Registering precompiled unity dll's ...
Register platform support module: C:/Program Files/Unity/Hub/Editor/2020.3.19f1/Editor/Data/PlaybackEngines/WindowsStandaloneSupport/UnityEditor.WindowsStandalone.Extensions.dll
Registered in 0.002789 seconds.
Native extension for WindowsStandalone target not found
Refreshing native plugins compatible for Editor in 29.17 ms, found 2 plugins.
Preloading 0 native plugins for Editor in 0.00 ms.
Mono: successfully reloaded assembly
- Completed reload, in  1.102 seconds
Domain Reload Profiling:
	ReloadAssembly (1102ms)
		BeginReloadAssembly (60ms)
			ExecutionOrderSort (0ms)
			DisableScriptedObjects (0ms)
			BackupInstance (0ms)
			ReleaseScriptingObjects (0ms)
			CreateAndSetChildDomain (1ms)
		EndReloadAssembly (434ms)
			LoadAssemblies (58ms)
			RebuildTransferFunctionScriptingTraits (0ms)
			SetupTypeCache (168ms)
			ReleaseScriptCaches (0ms)
			RebuildScriptCaches (32ms)
			SetupLoadedEditorAssemblies (159ms)
				LogAssemblyErrors (0ms)
				InitializePlatformSupportModulesInManaged (4ms)
				SetLoadedEditorAssemblies (0ms)
				RefreshPlugins (29ms)
				BeforeProcessingInitializeOnLoad (9ms)
				ProcessInitializeOnLoadAttributes (86ms)
				ProcessInitializeOnLoadMethodAttributes (30ms)
				AfterProcessingInitializeOnLoad (0ms)
				EditorAssembliesLoaded (0ms)
			ExecutionOrderSort2 (0ms)
			AwakeInstancesAfterBackupRestoration (0ms)
Platform modules already initialized, skipping
Registering precompiled user dll's ...
Registered in 0.002053 seconds.
Begin MonoManager ReloadAssembly
Native extension for WindowsStandalone target not found
Refreshing native plugins compatible for Editor in 0.31 ms, found 2 plugins.
Preloading 0 native plugins for Editor in 0.00 ms.
Mono: successfully reloaded assembly
- Completed reload, in  1.048 seconds
Domain Reload Profiling:
	ReloadAssembly (1049ms)
		BeginReloadAssembly (151ms)
			ExecutionOrderSort (0ms)
			DisableScriptedObjects (5ms)
			BackupInstance (0ms)
			ReleaseScriptingObjects (0ms)
			CreateAndSetChildDomain (18ms)
		EndReloadAssembly (832ms)
			LoadAssemblies (86ms)
			RebuildTransferFunctionScriptingTraits (0ms)
			SetupTypeCache (285ms)
			ReleaseScriptCaches (0ms)
			RebuildScriptCaches (44ms)
			SetupLoadedEditorAssemblies (315ms)
				LogAssemblyErrors (0ms)
				InitializePlatformSupportModulesInManaged (6ms)
				SetLoadedEditorAssemblies (0ms)
				RefreshPlugins (0ms)
				BeforeProcessingInitializeOnLoad (55ms)
				ProcessInitializeOnLoadAttributes (242ms)
				ProcessInitializeOnLoadMethodAttributes (5ms)
				AfterProcessingInitializeOnLoad (6ms)
				EditorAssembliesLoaded (0ms)
			ExecutionOrderSort2 (0ms)
			AwakeInstancesAfterBackupRestoration (8ms)
Platform modules already initialized, skipping
========================================================================
Worker process is ready to serve import requests
Launched and connected shader compiler UnityShaderCompiler.exe after 0.04 seconds
Refreshing native plugins compatible for Editor in 0.32 ms, found 2 plugins.
Preloading 0 native plugins for Editor in 0.00 ms.
Unloading 1411 Unused Serialized files (Serialized files now loaded: 0)
System memory in use before: 65.2 MB.
System memory in use after: 65.2 MB.

Unloading 18 unused Assets to reduce memory usage. Loaded Objects now: 1848.
Total: 3.049000 ms (FindLiveObjects: 0.125800 ms CreateObjectMapping: 0.041200 ms MarkObjects: 2.783300 ms  DeleteObjects: 0.097800 ms)

AssetImportParameters requested are different than current active one (requested -> active):
  custom:framework-win-MediaFoundation: 216162199b28c13a410421893ffa2e32 -> 
  custom:video-decoder-ogg-theora: a1e56fd34408186e4bbccfd4996cb3dc -> 
  custom:container-muxer-webm: aa71ff27fc2769a1b78a27578f13a17b -> 
  custom:container-demuxer-webm: 4f35f7cbe854078d1ac9338744f61a02 -> 
  custom:container-demuxer-ogg: 62fdf1f143b41e24485cea50d1cbac27 -> 
  custom:video-encoder-webm-vp8: eb34c28f22e8b96e1ab97ce403110664 -> 
  custom:video-decoder-webm-vp8: 9c59270c3fd7afecdb556c50c9e8de78 -> 
  custom:audio-decoder-ogg-vorbis: bf7c407c2cedff20999df2af8eb42d56 -> 
  custom:audio-encoder-webm-vorbis: bf7c407c2cedff20999df2af8eb42d56 -> 
========================================================================
Received Import Request.
  path: Assets/Scenes
  artifactKey: Guid(097575755f9f1f2429a861828c54b6d7) Importer(815301076,1909f56bfc062723c751e8b465ee728b)
Start importing Assets/Scenes using Guid(097575755f9f1f2429a861828c54b6d7) Importer(815301076,1909f56bfc062723c751e8b465ee728b)  -> (artifact id: 'e8e33534000c415169b5ce3abeb76041') in 0.003111 seconds 
  Import took 0.005119 seconds .

========================================================================
Received Import Request.
  Time since last request: 8.893825 seconds.
  path: Assets/Scenes/Tema 2
  artifactKey: Guid(0016cd17afe2fd0449ee7190c818f728) Importer(815301076,1909f56bfc062723c751e8b465ee728b)
Start importing Assets/Scenes/Tema 2 using Guid(0016cd17afe2fd0449ee7190c818f728) Importer(815301076,1909f56bfc062723c751e8b465ee728b)  -> (artifact id: '406ad993a872a027c24995b8a50f6c91') in 0.001117 seconds 
  Import took 0.004039 seconds .

========================================================================
Received Import Request.
  Time since last request: 10.412033 seconds.
  path: Assets
  artifactKey: Guid(00000000000000001000000000000000) Importer(815301076,1909f56bfc062723c751e8b465ee728b)
Start importing Assets using Guid(00000000000000001000000000000000) Importer(815301076,1909f56bfc062723c751e8b465ee728b)  -> (artifact id: '42d402b061de3733987d63b9cc3b64de') in 0.001032 seconds 
  Import took 0.003896 seconds .

========================================================================
Received Import Request.
  Time since last request: 5.496707 seconds.
  path: Assets/Scripts
  artifactKey: Guid(53c0dbca0e89a4f4b9b93f27dc343639) Importer(815301076,1909f56bfc062723c751e8b465ee728b)
Start importing Assets/Scripts using Guid(53c0dbca0e89a4f4b9b93f27dc343639) Importer(815301076,1909f56bfc062723c751e8b465ee728b)  -> (artifact id: '0801fe47696ad0c9807ace3c8ee60d1b') in 0.000983 seconds 
  Import took 0.003835 seconds .

========================================================================
Received Import Request.
  Time since last request: 28.996810 seconds.
  path: Assets/Scripts/MyFirstScript.cs
  artifactKey: Guid(ba127ce0a3b7c174d8f7f4abe9b9e067) Importer(815301076,1909f56bfc062723c751e8b465ee728b)
Start importing Assets/Scripts/MyFirstScript.cs using Guid(ba127ce0a3b7c174d8f7f4abe9b9e067) Importer(815301076,1909f56bfc062723c751e8b465ee728b)  -> (artifact id: '6c17d9fb9ca97dbd4e39e773f6b8e1a1') in 0.034354 seconds 
  Import took 0.036890 seconds .

========================================================================
Received Prepare
Registering precompiled user dll's ...
Registered in 0.001989 seconds.
Begin MonoManager ReloadAssembly
Native extension for WindowsStandalone target not found
Refreshing native plugins compatible for Editor in 0.31 ms, found 2 plugins.
Preloading 0 native plugins for Editor in 0.00 ms.
Mono: successfully reloaded assembly
- Completed reload, in  0.965 seconds
Domain Reload Profiling:
	ReloadAssembly (966ms)
		BeginReloadAssembly (109ms)
			ExecutionOrderSort (0ms)
			DisableScriptedObjects (5ms)
			BackupInstance (0ms)
			ReleaseScriptingObjects (0ms)
			CreateAndSetChildDomain (31ms)
		EndReloadAssembly (789ms)
			LoadAssemblies (88ms)
			RebuildTransferFunctionScriptingTraits (0ms)
			SetupTypeCache (288ms)
			ReleaseScriptCaches (1ms)
			RebuildScriptCaches (38ms)
			SetupLoadedEditorAssemblies (277ms)
				LogAssemblyErrors (0ms)
				InitializePlatformSupportModulesInManaged (5ms)
				SetLoadedEditorAssemblies (0ms)
				RefreshPlugins (0ms)
				BeforeProcessingInitializeOnLoad (47ms)
				ProcessInitializeOnLoadAttributes (213ms)
				ProcessInitializeOnLoadMethodAttributes (4ms)
				AfterProcessingInitializeOnLoad (6ms)
				EditorAssembliesLoaded (0ms)
			ExecutionOrderSort2 (0ms)
			AwakeInstancesAfterBackupRestoration (7ms)
Platform modules already initialized, skipping
Refreshing native plugins compatible for Editor in 0.31 ms, found 2 plugins.
Preloading 0 native plugins for Editor in 0.00 ms.
Unloading 1406 Unused Serialized files (Serialized files now loaded: 0)
System memory in use before: 65.0 MB.
System memory in use after: 65.1 MB.

Unloading 13 unused Assets to reduce memory usage. Loaded Objects now: 1851.
Total: 2.847100 ms (FindLiveObjects: 0.130800 ms CreateObjectMapping: 0.042400 ms MarkObjects: 2.634600 ms  DeleteObjects: 0.038000 ms)

AssetImportParameters requested are different than current active one (requested -> active):
  custom:framework-win-MediaFoundation: 216162199b28c13a410421893ffa2e32 -> 
  custom:video-decoder-ogg-theora: a1e56fd34408186e4bbccfd4996cb3dc -> 
  custom:container-muxer-webm: aa71ff27fc2769a1b78a27578f13a17b -> 
  custom:container-demuxer-webm: 4f35f7cbe854078d1ac9338744f61a02 -> 
  custom:container-demuxer-ogg: 62fdf1f143b41e24485cea50d1cbac27 -> 
  custom:video-encoder-webm-vp8: eb34c28f22e8b96e1ab97ce403110664 -> 
  custom:video-decoder-webm-vp8: 9c59270c3fd7afecdb556c50c9e8de78 -> 
  custom:audio-decoder-ogg-vorbis: bf7c407c2cedff20999df2af8eb42d56 -> 
  custom:audio-encoder-webm-vorbis: bf7c407c2cedff20999df2af8eb42d56 -> 
========================================================================
Received Import Request.
  Time since last request: 1369.029312 seconds.
  path: Assets/Materials
  artifactKey: Guid(a30260ce36e725e4a91a0809b515445f) Importer(815301076,1909f56bfc062723c751e8b465ee728b)
Start importing Assets/Materials using Guid(a30260ce36e725e4a91a0809b515445f) Importer(815301076,1909f56bfc062723c751e8b465ee728b)  -> (artifact id: '4f2393f5f5788e48eea4cd6fb9c458a1') in 0.006505 seconds 
  Import took 0.009618 seconds .

========================================================================
Received Import Request.
  Time since last request: 13.053953 seconds.
  path: Assets/Materials/Black_mat.mat
  artifactKey: Guid(b1bc033756031584f99a2266a72b8fd6) Importer(815301076,1909f56bfc062723c751e8b465ee728b)
Start importing Assets/Materials/Black_mat.mat using Guid(b1bc033756031584f99a2266a72b8fd6) Importer(815301076,1909f56bfc062723c751e8b465ee728b)  -> (artifact id: 'c25c60c20f2dbc5e0b5e281d4a003c83') in 0.097004 seconds 
  Import took 0.099529 seconds .

========================================================================
Received Import Request.
  Time since last request: 24.109952 seconds.
  path: Assets/Materials/Blue_mat.mat
  artifactKey: Guid(4e061cf69afdf6444ba7abd43021c0d8) Importer(815301076,1909f56bfc062723c751e8b465ee728b)
Start importing Assets/Materials/Blue_mat.mat using Guid(4e061cf69afdf6444ba7abd43021c0d8) Importer(815301076,1909f56bfc062723c751e8b465ee728b)  -> (artifact id: '021d897c399d993d47e9ed1090678df7') in 0.009940 seconds 
  Import took 0.012934 seconds .

========================================================================
Received Import Request.
  Time since last request: 11.164451 seconds.
  path: Assets/Materials/Orange_mat.mat
  artifactKey: Guid(06fafcb365bfa9d43b0806133b8c1a08) Importer(815301076,1909f56bfc062723c751e8b465ee728b)
Start importing Assets/Materials/Orange_mat.mat using Guid(06fafcb365bfa9d43b0806133b8c1a08) Importer(815301076,1909f56bfc062723c751e8b465ee728b)  -> (artifact id: 'fcd4ab24491fee98a2879b4a89f31585') in 0.013288 seconds 
  Import took 0.015893 seconds .

========================================================================
Received Import Request.
  Time since last request: 163.572207 seconds.
  path: Assets/Materials/Black_mat.mat
  artifactKey: Guid(b1bc033756031584f99a2266a72b8fd6) Importer(815301076,1909f56bfc062723c751e8b465ee728b)
Start importing Assets/Materials/Black_mat.mat using Guid(b1bc033756031584f99a2266a72b8fd6) Importer(815301076,1909f56bfc062723c751e8b465ee728b)  -> (artifact id: '014af06dee4513ecf21dd71cc36dab33') in 0.015314 seconds 
  Import took 0.019306 seconds .

========================================================================
Received Import Request.
  Time since last request: 0.000178 seconds.
  path: Assets/Materials/Orange_mat.mat
  artifactKey: Guid(06fafcb365bfa9d43b0806133b8c1a08) Importer(815301076,1909f56bfc062723c751e8b465ee728b)
Start importing Assets/Materials/Orange_mat.mat using Guid(06fafcb365bfa9d43b0806133b8c1a08) Importer(815301076,1909f56bfc062723c751e8b465ee728b)  -> (artifact id: '8f5093950833437f333230eae84b953e') in 0.010531 seconds 
  Import took 0.013223 seconds .

========================================================================
Received Import Request.
  Time since last request: 0.000187 seconds.
  path: Assets/Materials/Blue_mat.mat
  artifactKey: Guid(4e061cf69afdf6444ba7abd43021c0d8) Importer(815301076,1909f56bfc062723c751e8b465ee728b)
Start importing Assets/Materials/Blue_mat.mat using Guid(4e061cf69afdf6444ba7abd43021c0d8) Importer(815301076,1909f56bfc062723c751e8b465ee728b)  -> (artifact id: '98a34a390015f3ce3f390d2253c449ee') in 0.011283 seconds 
  Import took 0.017418 seconds .

AssetImportWorkerClient::OnTransportError - code=2 error=End of file
